======================================================================
RETRAINING SESSION STARTED: 2026-02-11 17:22:12
TASK: RHYTHM
Log file: outputs\logs\rhythm\retrain_20260211_172212.log
Epochs: 30, Batch Size: 32, LR: 0.0005
======================================================================

Using device: cpu

Verifying Class List Integrity...
[OK] Class Integrity Check Passed. Retraining on 18 classes.
Connecting to DB for task: rhythm (Event-based extraction)...
Fetched 30845 segments. Extracting valid training events...
[SQL DATASET] Loaded 6111 training events into RAM.

EVENT DISTRIBUTION (RHYTHM)
  00 Sinus Rhythm                   -> 0
  01 Sinus Bradycardia              -> 0
  02 Sinus Tachycardia              -> 0
  03 Supraventricular Tachycardia   -> 0
  04 Atrial Fibrillation            -> 6111
  05 Atrial Flutter                 -> 0
  06 Junctional Rhythm              -> 0
  07 Idioventricular Rhythm         -> 0
  08 Ventricular Tachycardia        -> 0
  09 Ventricular Fibrillation       -> 0
  10 1st Degree AV Block            -> 0
  11 2nd Degree AV Block Type 1     -> 0
  12 2nd Degree AV Block Type 2     -> 0
  13 3rd Degree AV Block            -> 0
  14 Bundle Branch Block            -> 0
  15 Artifact                       -> 0
  16 PSVT                           -> 0
  17 Pause                          -> 0
[WARNING] No patient IDs found. Using simple randomized split.
Epoch 01 | Train Loss: 0.0055 | Val Loss: 0.0000 | Bal Acc: 0.0556
  [BEST] Saved new best model (Bal Acc: 0.0556)
Epoch 02 | Train Loss: 0.0000 | Val Loss: 0.0000 | Bal Acc: 0.0556
Epoch 03 | Train Loss: 0.0000 | Val Loss: 0.0000 | Bal Acc: 0.0556
Epoch 04 | Train Loss: 0.0000 | Val Loss: 0.0000 | Bal Acc: 0.0556
Epoch 05 | Train Loss: 0.0000 | Val Loss: 0.0000 | Bal Acc: 0.0556
Epoch 06 | Train Loss: 0.0000 | Val Loss: 0.0000 | Bal Acc: 0.0556
Epoch 07 | Train Loss: 0.0000 | Val Loss: 0.0000 | Bal Acc: 0.0556
Epoch 08 | Train Loss: 0.0000 | Val Loss: 0.0000 | Bal Acc: 0.0556
Epoch 09 | Train Loss: 0.0000 | Val Loss: 0.0000 | Bal Acc: 0.0556
Epoch 10 | Train Loss: 0.0000 | Val Loss: 0.0000 | Bal Acc: 0.0556
Epoch 11 | Train Loss: 0.0000 | Val Loss: 0.0000 | Bal Acc: 0.0556
Epoch 12 | Train Loss: 0.0000 | Val Loss: 0.0000 | Bal Acc: 0.0556
Epoch 13 | Train Loss: 0.0000 | Val Loss: 0.0000 | Bal Acc: 0.0556
Epoch 14 | Train Loss: 0.0000 | Val Loss: 0.0000 | Bal Acc: 0.0556
Epoch 15 | Train Loss: 0.0000 | Val Loss: 0.0000 | Bal Acc: 0.0556
Epoch 16 | Train Loss: 0.0000 | Val Loss: 0.0000 | Bal Acc: 0.0556
